<?xml version='1.0'?>
<ns2:test-suite xmlns:ns2='urn:model.allure.qatools.yandex.ru' start='1654023743322' stop='1654023765499'>
    <name>TC0002 - Top Navigation Bar verfiy and click</name>
    <title>TC0002 - Top Navigation Bar verfiy and click</title>
    <test-cases>
        <test-case start='1654023743322' status='failed' stop='1654023754824'>
            <name>should click the Our Car option</name>
            <title>should click the Our Car option</title>
            <labels>
                <label name='language' value='javascript'/>
                <label name='framework' value='wdio'/>
                <label name='thread' value='0-0'/>
                <label name='language' value='javascript'/>
                <label name='framework' value='wdio'/>
                <label name='thread' value='0-0'/>
            </labels>
            <parameters>
                <parameter kind='argument' name='browser' value='chrome-101.0.4951.67'/>
                <parameter kind='argument' name='browser' value='chrome-101.0.4951.67'/>
            </parameters>
            <steps/>
            <attachments/>
            <failure>
                <message>Expect $(`//*[@id="nav:topNavCarMenu"]`) to be clickable
                
                Expected: "clickable"
                Received: "not clickable"</message>
                <stack-trace>Error: Expect $(`//*[@id="nav:topNavCarMenu"]`) to be clickable
                
                Expected: "clickable"
                Received: "not clickable"
                    at Context.&lt;anonymous> (C:\Users\easibnr\VolvoTest\test\specs\topNavigation.js:11:58)
                    at processTicksAndRejections (node:internal/process/task_queues:96:5)</stack-trace>
            </failure>
        </test-case>
        <test-case start='1654023754824' status='failed' stop='1654023765497'>
            <name>should click the Menu option</name>
            <title>should click the Menu option</title>
            <labels>
                <label name='language' value='javascript'/>
                <label name='framework' value='wdio'/>
                <label name='thread' value='0-0'/>
                <label name='language' value='javascript'/>
                <label name='framework' value='wdio'/>
                <label name='thread' value='0-0'/>
            </labels>
            <parameters>
                <parameter kind='argument' name='browser' value='chrome-101.0.4951.67'/>
                <parameter kind='argument' name='browser' value='chrome-101.0.4951.67'/>
            </parameters>
            <steps/>
            <attachments/>
            <failure>
                <message>Expect $(`//*[@id="sitenav-sidenav-toggle"]`) to be clickable
                
                Expected: "clickable"
                Received: "not clickable"</message>
                <stack-trace>Error: Expect $(`//*[@id="sitenav-sidenav-toggle"]`) to be clickable
                
                Expected: "clickable"
                Received: "not clickable"
                    at Context.&lt;anonymous> (C:\Users\easibnr\VolvoTest\test\specs\topNavigation.js:18:56)
                    at processTicksAndRejections (node:internal/process/task_queues:96:5)</stack-trace>
            </failure>
        </test-case>
    </test-cases>
</ns2:test-suite>